[debug] [2023-05-22T15:33:48.426Z] ----------------------------------------------------------------------
[debug] [2023-05-22T15:33:48.428Z] Command:       C:\Program Files\nodejs\node.exe C:\Users\vidya\AppData\Roaming\npm\node_modules\firebase-tools\lib\bin\firebase.js init
[debug] [2023-05-22T15:33:48.428Z] CLI Version:   12.1.0
[debug] [2023-05-22T15:33:48.428Z] Platform:      win32
[debug] [2023-05-22T15:33:48.428Z] Node Version:  v18.11.0
[debug] [2023-05-22T15:33:48.429Z] Time:          Mon May 22 2023 21:03:48 GMT+0530 (India Standard Time)
[debug] [2023-05-22T15:33:48.429Z] ----------------------------------------------------------------------
[debug] 
[debug] [2023-05-22T15:33:48.480Z] > command requires scopes: ["email","openid","https://www.googleapis.com/auth/cloudplatformprojects.readonly","https://www.googleapis.com/auth/firebase","https://www.googleapis.com/auth/cloud-platform"]
[debug] [2023-05-22T15:33:48.480Z] > authorizing via signed-in user (vidyangan.shyam27@gmail.com)
[info] 
     ######## #### ########  ######## ########     ###     ######  ########
     ##        ##  ##     ## ##       ##     ##  ##   ##  ##       ##
     ######    ##  ########  ######   ########  #########  ######  ######
     ##        ##  ##    ##  ##       ##     ## ##     ##       ## ##
     ##       #### ##     ## ######## ########  ##     ##  ######  ########

You're about to initialize a Firebase project in this directory:

  F:\New folder\ChatRoomApp

Before we get started, keep in mind:

  * You are initializing within an existing Firebase project directory

[info] 
=== Project Setup
[info] 
[info] First, let's associate this project directory with a Firebase project.
[info] You can create multiple project aliases by running firebase use --add, 
[info] but for now we'll just set up a default project.
[info] 
[debug] [2023-05-22T15:34:00.940Z] Using project from CLI flag: real-time-chat-room-fdb99
[debug] [2023-05-22T15:34:00.943Z] >>> [apiv2][query] GET https://firebase.googleapis.com/v1beta1/projects/real-time-chat-room-fdb99 [none]
[debug] [2023-05-22T15:34:01.520Z] <<< [apiv2][status] GET https://firebase.googleapis.com/v1beta1/projects/real-time-chat-room-fdb99 200
[debug] [2023-05-22T15:34:01.520Z] <<< [apiv2][body] GET https://firebase.googleapis.com/v1beta1/projects/real-time-chat-room-fdb99 {"projectId":"real-time-chat-room-fdb99","projectNumber":"630108414705","displayName":"Real Time Chat Room","name":"projects/real-time-chat-room-fdb99","resources":{"hostingSite":"real-time-chat-room-fdb99"},"state":"ACTIVE","etag":"1_ba05bd37-0ca6-47c5-a73e-3f9a6100e456"}
[info] i  Using project real-time-chat-room-fdb99 (Real Time Chat Room) 
[info] 
=== Hosting Setup
[info] 
[info] Your public directory is the folder (relative to your project directory) that
[info] will contain Hosting assets to be uploaded with firebase deploy. If you
[info] have a build process for your assets, use your build's output directory.
[info] 
